Time slot   0
ld_routine
	Loaded a process at input/proc/p0s, PID: 1 PRIO: 0
Time slot   1
	CPU 1: Dispatched process  1
	Loaded a process at input/proc/p1s, PID: 2 PRIO: 15
Time slot   2
	CPU 0: Dispatched process  2
================================================================
Proc 1 in allocation process, size: 300 of region: 0
Rg start: 0 - Rg end:  300
===== PHYSICAL MEMORY AFTER ALLOCATION =====
Pid: 1 - Region: 0 Address: 00000000 Size: 300 BYTE
print_pgtbl: 0 - 512
00000000: 80000001
00000004: 80000000
Page Number: 0 -> Frame Number: 1
Page Number: 1 -> Frame Number: 0
======= HEAP SEGMENT INFO =======
Heap Start : 0
Heap End   : 512
Heap sbrk  : 512
======= FREE REGION LIST =======
Free: 300 -> 512 (212 bytes)
================================================================
================================================================
Proc 1 in allocation process, size: 300 of region: 4
Rg start: 512 - Rg end:  812
===== PHYSICAL MEMORY AFTER ALLOCATION =====
Pid: 1 - Region: 4 Address: 00000200 Size: 300 BYTE
print_pgtbl: 0 - 1024
00000000: 80000001
00000004: 80000000
00000008: 80000003
00000012: 80000002
Page Number: 0 -> Frame Number: 1
Page Number: 1 -> Frame Number: 0
Page Number: 2 -> Frame Number: 3
Page Number: 3 -> Frame Number: 2
======= HEAP SEGMENT INFO =======
Heap Start : 0
Heap End   : 1024
Heap sbrk  : 1024
======= FREE REGION LIST =======
Free: 812 -> 1024 (212 bytes)
Free: 300 -> 512 (212 bytes)
================================================================
Time slot   3
	Loaded a process at input/proc/p1s, PID: 3 PRIO: 0
Time slot   4
================================================================
Proc 1 in deallocation process -  region: 0
===== PHYSICAL MEMORY AFTER DEALLOCATION =====
Pid: 1 - Region: 0
print_pgtbl: 0 - 1024
00000000: 80000001
00000004: 80000000
00000008: 80000003
00000012: 80000002
Page Number: 0 -> Frame Number: 1
Page Number: 1 -> Frame Number: 0
Page Number: 2 -> Frame Number: 3
Page Number: 3 -> Frame Number: 2
======= HEAP SEGMENT INFO =======
Heap Start : 0
Heap End   : 1024
Heap sbrk  : 1024
======= FREE REGION LIST =======
Free: 0 -> 512 (512 bytes)
Free: 812 -> 1024 (212 bytes)
================================================================
================================================================
Proc 1 in allocation process, size: 100 of region: 1
Rg start: 0 - Rg end:  100
===== PHYSICAL MEMORY AFTER ALLOCATION =====
Pid: 1 - Region: 1 Address: 00000000 Size: 100 BYTE
print_pgtbl: 0 - 1024
00000000: 80000001
00000004: 80000000
00000008: 80000003
00000012: 80000002
Page Number: 0 -> Frame Number: 1
Page Number: 1 -> Frame Number: 0
Page Number: 2 -> Frame Number: 3
Page Number: 3 -> Frame Number: 2
======= HEAP SEGMENT INFO =======
Heap Start : 0
Heap End   : 1024
Heap sbrk  : 1024
======= FREE REGION LIST =======
Free: 100 -> 512 (412 bytes)
Free: 812 -> 1024 (212 bytes)
================================================================
Time slot   5
	Loaded a process at input/proc/p1s, PID: 4 PRIO: 0
Time slot   6
================================================================
Write region=1 offset=20 value=100
print_pgtbl: 0 - 1024
00000000: 80000001
00000004: 80000000
00000008: 80000003
00000012: 80000002
Page Number: 0 -> Frame Number: 1
Page Number: 1 -> Frame Number: 0
Page Number: 2 -> Frame Number: 3
Page Number: 3 -> Frame Number: 2
=====  WRITE ===== 
 -- Successfully wrote value 100 to region 1 at offset 20 --
================== 
================================================================
	CPU 1: Put process  1 to run queue
	CPU 1: Dispatched process  3
Time slot   7
Time slot   8
	CPU 0: Put process  2 to run queue
	CPU 0: Dispatched process  4
Time slot   9
Time slot  10
Time slot  11
Time slot  12
	CPU 1: Put process  3 to run queue
	CPU 1: Dispatched process  1
================================================================
Read region=1 offset=20 value=100
print_pgtbl: 0 - 1024
00000000: 80000001
00000004: 80000000
00000008: 80000003
00000012: 80000002
Page Number: 0 -> Frame Number: 1
Page Number: 1 -> Frame Number: 0
Page Number: 2 -> Frame Number: 3
Page Number: 3 -> Frame Number: 2
===== PHYSICAL MEMORY DUMP ===== 
00000114: 100 
Time slot  13
===== PHYSICAL MEMORY END-DUMP ===== 
================================================================
Time slot  14
================================================================
Write region=2 offset=20 value=102
print_pgtbl: 0 - 1024
00000000: 80000001
00000004: 80000000
00000008: 80000003
00000012: 80000002
Page Number: 0 -> Frame Number: 1
Page Number: 1 -> Frame Number: 0
Page Number: 2 -> Frame Number: 3
Page Number: 3 -> Frame Number: 2
=====  WRITE ===== 
 -- Successfully wrote value 102 to region 2 at offset 20 --
================== 
================================================================
	CPU 0: Put process  4 to run queue
	CPU 0: Dispatched process  3
================================================================
Read region=2 offset=20 value=102
print_pgtbl: 0 - 1024
00000000: 80000001
00000004: 80000000
00000008: 80000003
00000012: 80000002
Page Number: 0 -> Frame Number: 1
Page Number: 1 -> Frame Number: 0
Page Number: 2 -> Frame Number: 3
Page Number: 3 -> Frame Number: 2
===== PHYSICAL MEMORY DUMP ===== 
00000114: 102 
Time slot  15
===== PHYSICAL MEMORY END-DUMP ===== 
================================================================
================================================================
Write region=3 offset=20 value=103
print_pgtbl: 0 - 1024
00000000: 80000001
00000004: 80000000
00000008: 80000003
00000012: 80000002
Page Number: 0 -> Frame Number: 1
Page Number: 1 -> Frame Number: 0
Page Number: 2 -> Frame Number: 3
Page Number: 3 -> Frame Number: 2
=====  WRITE ===== 
 -- Successfully wrote value 103 to region 3 at offset 20 --
================== 
================================================================
Time slot  16
================================================================
Read region=3 offset=20 value=103
print_pgtbl: 0 - 1024
00000000: 80000001
00000004: 80000000
00000008: 80000003
00000012: 80000002
Page Number: 0 -> Frame Number: 1
Page Number: 1 -> Frame Number: 0
Page Number: 2 -> Frame Number: 3
Page Number: 3 -> Frame Number: 2
===== PHYSICAL MEMORY DUMP ===== 
00000114: 103 
Time slot  17
===== PHYSICAL MEMORY END-DUMP ===== 
================================================================
Time slot  18
	CPU 0: Processed  3 has finished
	CPU 0: Dispatched process  4
	CPU 1: Put process  1 to run queue
	CPU 1: Dispatched process  1
================================================================
Proc 1 in deallocation process -  region: 4
===== PHYSICAL MEMORY AFTER DEALLOCATION =====
Pid: 1 - Region: 4
print_pgtbl: 0 - 1024
00000000: 80000001
Time slot  19
00000004: 80000000
00000008: 80000003
00000012: 80000002
Page Number: 0 -> Frame Number: 1
Page Number: 1 -> Frame Number: 0
Page Number: 2 -> Frame Number: 3
Page Number: 3 -> Frame Number: 2
======= HEAP SEGMENT INFO =======
Heap Start : 0
Heap End   : 1024
Heap sbrk  : 1024
======= FREE REGION LIST =======
Free: 100 -> 1024 (924 bytes)
================================================================
Time slot  20
	CPU 1: Processed  1 has finished
	CPU 1: Dispatched process  2
Time slot  21
Time slot  22
	CPU 0: Processed  4 has finished
	CPU 0 stopped
Time slot  23
Time slot  24
Time slot  25
	CPU 1: Processed  2 has finished
	CPU 1 stopped
