Time slot   0
ld_routine
	Loaded a process at input/proc/s4, PID: 1 PRIO: 4
Time slot   1
	CPU 0: Dispatched process  1
Time slot   2
	Loaded a process at input/proc/s3, PID: 2 PRIO: 3
Time slot   3
	CPU 0: Put process  1 to run queue
	CPU 0: Dispatched process  2
	Loaded a process at input/proc/m1s, PID: 3 PRIO: 2
Time slot   4
Time slot   5
	CPU 0: Put process  2 to run queue
	CPU 0: Dispatched process  3
================================================================
Proc 3 in allocation process, size: 300 of region: 0
Rg start: 0 - Rg end:  300
===== PHYSICAL MEMORY AFTER ALLOCATION =====
Pid: 3 - Region: 0 Address: 00000000 Size: 300 BYTE
print_pgtbl: 0 - 512
00000000: 80000001
00000004: 80000000
Page Number: 0 -> Frame Number: 1
Page Number: 1 -> Frame Number: 0
======= HEAP SEGMENT INFO =======
Heap Start : 0
Heap End   : 512
Heap sbrk  : 512
======= FREE REGION LIST =======
Free: 300 -> 512 (212 bytes)
================================================================
Time slot   6
	Loaded a process at input/proc/s2, PID: 4 PRIO: 3
================================================================
Proc 3 in allocation process, size: 100 of region: 1
Rg start: 300 - Rg end:  400
===== PHYSICAL MEMORY AFTER ALLOCATION =====
Pid: 3 - Region: 1 Address: 0000012c Size: 100 BYTE
print_pgtbl: 0 - 512
00000000: 80000001
00000004: 80000000
Page Number: 0 -> Frame Number: 1
Page Number: 1 -> Frame Number: 0
======= HEAP SEGMENT INFO =======
Heap Start : 0
Heap End   : 512
Heap sbrk  : 512
======= FREE REGION LIST =======
Free: 400 -> 512 (112 bytes)
================================================================
Time slot   7
	CPU 0: Put process  3 to run queue
	CPU 0: Dispatched process  3
================================================================
Proc 3 in deallocation process -  region: 0
===== PHYSICAL MEMORY AFTER DEALLOCATION =====
Pid: 3 - Region: 0
print_pgtbl: 0 - 512
00000000: 80000001
00000004: 80000000
Page Number: 0 -> Frame Number: 1
Page Number: 1 -> Frame Number: 0
======= HEAP SEGMENT INFO =======
Heap Start : 0
Heap End   : 512
Heap sbrk  : 512
======= FREE REGION LIST =======
Free: 0 -> 300 (300 bytes)
Free: 400 -> 512 (112 bytes)
================================================================
	Loaded a process at input/proc/m0s, PID: 5 PRIO: 3
Time slot   8
================================================================
Proc 3 in allocation process, size: 100 of region: 2
Rg start: 0 - Rg end:  100
===== PHYSICAL MEMORY AFTER ALLOCATION =====
Pid: 3 - Region: 2 Address: 00000000 Size: 100 BYTE
print_pgtbl: 0 - 512
00000000: 80000001
00000004: 80000000
Page Number: 0 -> Frame Number: 1
Page Number: 1 -> Frame Number: 0
======= HEAP SEGMENT INFO =======
Heap Start : 0
Heap End   : 512
Heap sbrk  : 512
======= FREE REGION LIST =======
Free: 100 -> 300 (200 bytes)
Free: 400 -> 512 (112 bytes)
================================================================
	Loaded a process at input/proc/p1s, PID: 6 PRIO: 2
Time slot   9
	CPU 0: Put process  3 to run queue
	CPU 0: Dispatched process  6
Time slot  10
	Loaded a process at input/proc/s0, PID: 7 PRIO: 1
Time slot  11
	CPU 0: Put process  6 to run queue
	CPU 0: Dispatched process  7
Time slot  12
Time slot  13
	CPU 0: Put process  7 to run queue
	CPU 0: Dispatched process  7
Time slot  14
Time slot  15
	CPU 0: Put process  7 to run queue
	CPU 0: Dispatched process  7
Time slot  16
	Loaded a process at input/proc/s1, PID: 8 PRIO: 0
Time slot  17
	CPU 0: Put process  7 to run queue
	CPU 0: Dispatched process  8
Time slot  18
Time slot  19
	CPU 0: Put process  8 to run queue
	CPU 0: Dispatched process  8
Time slot  20
Time slot  21
	CPU 0: Put process  8 to run queue
	CPU 0: Dispatched process  8
Time slot  22
	CPU 0: Put process  8 to run queue
	CPU 0: Dispatched process  8
Time slot  23
	CPU 0: Processed  8 has finished
Time slot  24
	CPU 0: Dispatched process  7
Time slot  25
	CPU 0: Put process  7 to run queue
Time slot  26
	CPU 0: Dispatched process  7
Time slot  27
Time slot  28
	CPU 0: Put process  7 to run queue
	CPU 0: Dispatched process  7
Time slot  29
Time slot  30
	CPU 0: Put process  7 to run queue
	CPU 0: Dispatched process  7
Time slot  31
Time slot  32
	CPU 0: Put process  7 to run queue
	CPU 0: Dispatched process  7
Time slot  33
	CPU 0: Processed  7 has finished
	CPU 0: Dispatched process  3
================================================================
Proc 3 in deallocation process -  region: 2
===== PHYSICAL MEMORY AFTER DEALLOCATION =====
Pid: 3 - Region: 2
print_pgtbl: 0 - 512
00000000: 80000001
00000004: 80000000
Page Number: 0 -> Frame Number: 1
Page Number: 1 -> Frame Number: 0
======= HEAP SEGMENT INFO =======
Heap Start : 0
Heap End   : 512
Heap sbrk  : 512
======= FREE REGION LIST =======
Free: 0 -> 300 (300 bytes)
Free: 400 -> 512 (112 bytes)
================================================================
Time slot  34
================================================================
Proc 3 in deallocation process -  region: 1
===== PHYSICAL MEMORY AFTER DEALLOCATION =====
Pid: 3 - Region: 1
print_pgtbl: 0 - 512
00000000: 80000001
00000004: 80000000
Page Number: 0 -> Frame Number: 1
Page Number: 1 -> Frame Number: 0
======= HEAP SEGMENT INFO =======
Heap Start : 0
Heap End   : 512
Heap sbrk  : 512
======= FREE REGION LIST =======
Free: 0 -> 512 (512 bytes)
================================================================
Time slot  35
	CPU 0: Processed  3 has finished
	CPU 0: Dispatched process  6
Time slot  36
Time slot  37
	CPU 0: Put process  6 to run queue
	CPU 0: Dispatched process  6
Time slot  38
Time slot  39
	CPU 0: Put process  6 to run queue
	CPU 0: Dispatched process  6
Time slot  40
Time slot  41
	CPU 0: Put process  6 to run queue
	CPU 0: Dispatched process  6
Time slot  42
Time slot  43
	CPU 0: Processed  6 has finished
	CPU 0: Dispatched process  2
Time slot  44
Time slot  45
	CPU 0: Put process  2 to run queue
	CPU 0: Dispatched process  4
Time slot  46
Time slot  47
	CPU 0: Put process  4 to run queue
	CPU 0: Dispatched process  5
================================================================
Proc 5 in allocation process, size: 300 of region: 0
Rg start: 0 - Rg end:  300
===== PHYSICAL MEMORY AFTER ALLOCATION =====
Pid: 5 - Region: 0 Address: 00000000 Size: 300 BYTE
print_pgtbl: 0 - 512
00000000: 80000003
00000004: 80000002
Page Number: 0 -> Frame Number: 3
Page Number: 1 -> Frame Number: 2
======= HEAP SEGMENT INFO =======
Heap Start : 0
Heap End   : 512
Heap sbrk  : 512
======= FREE REGION LIST =======
Free: 300 -> 512 (212 bytes)
================================================================
Time slot  48
================================================================
Proc 5 in allocation process, size: 100 of region: 1
Rg start: 300 - Rg end:  400
===== PHYSICAL MEMORY AFTER ALLOCATION =====
Pid: 5 - Region: 1 Address: 0000012c Size: 100 BYTE
print_pgtbl: 0 - 512
00000000: 80000003
00000004: 80000002
Page Number: 0 -> Frame Number: 3
Page Number: 1 -> Frame Number: 2
======= HEAP SEGMENT INFO =======
Heap Start : 0
Heap End   : 512
Heap sbrk  : 512
======= FREE REGION LIST =======
Free: 400 -> 512 (112 bytes)
================================================================
Time slot  49
	CPU 0: Put process  5 to run queue
	CPU 0: Dispatched process  2
Time slot  50
	CPU 0: Put process  2 to run queue
	CPU 0: Dispatched process  4
Time slot  51
Time slot  52
Time slot  53
	CPU 0: Put process  4 to run queue
	CPU 0: Dispatched process  5
================================================================
Proc 5 in deallocation process -  region: 0
===== PHYSICAL MEMORY AFTER DEALLOCATION =====
Pid: 5 - Region: 0
print_pgtbl: 0 - 512
00000000: 80000003
00000004: 80000002
Page Number: 0 -> Frame Number: 3
Page Number: 1 -> Frame Number: 2
======= HEAP SEGMENT INFO =======
Heap Start : 0
Heap End   : 512
Heap sbrk  : 512
======= FREE REGION LIST =======
Free: 0 -> 300 (300 bytes)
Free: 400 -> 512 (112 bytes)
================================================================
Time slot  54
================================================================
Proc 5 in allocation process, size: 100 of region: 2
Rg start: 0 - Rg end:  100
===== PHYSICAL MEMORY AFTER ALLOCATION =====
Pid: 5 - Region: 2 Address: 00000000 Size: 100 BYTE
print_pgtbl: 0 - 512
00000000: 80000003
00000004: 80000002
Page Number: 0 -> Frame Number: 3
Page Number: 1 -> Frame Number: 2
======= HEAP SEGMENT INFO =======
Heap Start : 0
Heap End   : 512
Heap sbrk  : 512
======= FREE REGION LIST =======
Free: 100 -> 300 (200 bytes)
Free: 400 -> 512 (112 bytes)
================================================================
Time slot  55
	CPU 0: Put process  5 to run queue
	CPU 0: Dispatched process  2
Time slot  56
Time slot  57
	CPU 0: Put process  2 to run queue
	CPU 0: Dispatched process  4
Time slot  58
Time slot  59
	CPU 0: Put process  4 to run queue
	CPU 0: Dispatched process  5
================================================================
Write region=1 offset=20 value=102
print_pgtbl: 0 - 512
00000000: 80000003
00000004: 80000002
Page Number: 0 -> Frame Number: 3
Page Number: 1 -> Frame Number: 2
=====  WRITE ===== 
 -- Successfully wrote value 102 to region 1 at offset 20 --
================== 
================================================================
Time slot  60
================================================================
Write region=2 offset=1000 value=1
print_pgtbl: 0 - 512
00000000: 80000003
00000004: 80000002
Page Number: 0 -> Frame Number: 3
Page Number: 1 -> Frame Number: 2
=====  WRITE ===== 
 -- Successfully wrote value 1 to region 2 at offset 1000 --
================== 
================================================================
Time slot  61
	CPU 0: Processed  5 has finished
	CPU 0: Dispatched process  2
Time slot  62
Time slot  63
	CPU 0: Put process  2 to run queue
	CPU 0: Dispatched process  4
Time slot  64
Time slot  65
	CPU 0: Put process  4 to run queue
	CPU 0: Dispatched process  2
Time slot  66
	CPU 0: Processed  2 has finished
	CPU 0: Dispatched process  4
Time slot  67
Time slot  68
	CPU 0: Put process  4 to run queue
	CPU 0: Dispatched process  4
Time slot  69
Time slot  70
	CPU 0: Processed  4 has finished
	CPU 0: Dispatched process  1
Time slot  71
Time slot  72
	CPU 0: Put process  1 to run queue
	CPU 0: Dispatched process  1
Time slot  73
Time slot  74
	CPU 0: Put process  1 to run queue
	CPU 0: Dispatched process  1
Time slot  75
	CPU 0: Processed  1 has finished
	CPU 0 stopped
