Time slot   0
ld_routine
	Loaded a process at input/proc/p0s, PID: 1 PRIO: 130
	CPU 3: Dispatched process  1
Time slot   1
Time slot   2
================================================================
Proc 1 in allocation process, size: 300 of region: 0
Rg start: 0 - Rg end:  300
===== PHYSICAL MEMORY AFTER ALLOCATION =====
Pid: 1 - Region: 0 Address: 00000000 Size: 300 BYTE
print_pgtbl: 0 - 512
00000000: 80000001
00000004: 80000000
Page Number: 0 -> Frame Number: 1
Page Number: 1 -> Frame Number: 0
======= HEAP SEGMENT INFO =======
Heap Start : 0
Heap End   : 512
Heap sbrk  : 512
======= FREE REGION LIST =======
Free: 300 -> 512 (212 bytes)
================================================================
	Loaded a process at input/proc/s3, PID: 2 PRIO: 39
	CPU 2: Dispatched process  2
Time slot   3
	CPU 3: Put process  1 to run queue
	CPU 3: Dispatched process  1
================================================================
Proc 1 in allocation process, size: 300 of region: 4
Rg start: 512 - Rg end:  812
===== PHYSICAL MEMORY AFTER ALLOCATION =====
Pid: 1 - Region: 4 Address: 00000200 Size: 300 BYTE
print_pgtbl: 0 - 1024
00000000: 80000001
00000004: 80000000
00000008: 80000003
00000012: 80000002
Page Number: 0 -> Frame Number: 1
Page Number: 1 -> Frame Number: 0
Page Number: 2 -> Frame Number: 3
Page Number: 3 -> Frame Number: 2
======= HEAP SEGMENT INFO =======
Heap Start : 0
Heap End   : 1024
Heap sbrk  : 1024
======= FREE REGION LIST =======
Free: 812 -> 1024 (212 bytes)
Free: 300 -> 512 (212 bytes)
================================================================
	Loaded a process at input/proc/m1s, PID: 3 PRIO: 15
Time slot   4
	CPU 1: Dispatched process  3
================================================================
Proc 1 in deallocation process -  region: 0
================================================================
Proc 3 in allocation process, size: 300 of region: 0
Rg start: 0 - Rg end:  300
===== PHYSICAL MEMORY AFTER ALLOCATION =====
Pid: 3 - Region: 0 Address: 00000000 Size: 300 BYTE
print_pgtbl: 0 - 512
00000000: 80000005
00000004: 80000004
Page Number: 0 -> Frame Number: 5
Page Number: 1 -> Frame Number: 4
======= HEAP SEGMENT INFO =======
Heap Start : 0
Heap End   : 512
Heap sbrk  : 512
======= FREE REGION LIST =======
Free: 300 -> 512 (212 bytes)
================================================================
===== PHYSICAL MEMORY AFTER DEALLOCATION =====
Pid: 1 - Region: 0
print_pgtbl: 0 - 1024
00000000: 80000001
00000004: 80000000
00000008: 80000003
00000012: 80000002
Page Number: 0 -> Frame Number: 1
Page Number: 1 -> Frame Number: 0
Page Number: 2 -> Frame Number: 3
Page Number: 3 -> Frame Number: 2
======= HEAP SEGMENT INFO =======
Heap Start : 0
Heap End   : 1024
Heap sbrk  : 1024
======= FREE REGION LIST =======
Free: 0 -> 512 (512 bytes)
Free: 812 -> 1024 (212 bytes)
================================================================
	CPU 3: Put process  1 to run queue
	CPU 3: Dispatched process  1
================================================================
Proc 1 in allocation process, size: 100 of region: 1
Rg start: 0 - Rg end:  100
===== PHYSICAL MEMORY AFTER ALLOCATION =====
Pid: 1 - Region: 1 Address: 00000000 Size: 100 BYTE
print_pgtbl: 0 - 1024
00000000: 80000001
00000004: 80000000
00000008: 80000003
00000012: 80000002
Page Number: 0 -> Frame Number: 1
Page Number: 1 -> Frame Number: 0
Page Number: 2 -> Frame Number: 3
Page Number: 3 -> Frame Number: 2
======= HEAP SEGMENT INFO =======
Heap Start : 0
Heap End   : 1024
Heap sbrk  : 1024
======= FREE REGION LIST =======
Free: 100 -> 512 (412 bytes)
Free: 812 -> 1024 (212 bytes)
================================================================
	CPU 2: Put process  2 to run queue
	CPU 2: Dispatched process  2
================================================================
Proc 3 in allocation process, size: 100 of region: 1
Rg start: 300 - Rg end:  400
===== PHYSICAL MEMORY AFTER ALLOCATION =====
Pid: 3 - Region: 1 Address: 0000012c Size: 100 BYTE
print_pgtbl: 0 - 512
00000000: 80000005
00000004: 80000004
Page Number: 0 -> Frame Number: 5
Page Number: 1 -> Frame Number: 4
======= HEAP SEGMENT INFO =======
Heap Start : 0
Heap End   : 512
Heap sbrk  : 512
======= FREE REGION LIST =======
Free: 400 -> 512 (112 bytes)
================================================================
Time slot   5
	Loaded a process at input/proc/s2, PID: 4 PRIO: 120
	CPU 1: Put process  3 to run queue
	CPU 1: Dispatched process  3
================================================================
Proc 3 in deallocation process -  region: 0
===== PHYSICAL MEMORY AFTER DEALLOCATION =====
Pid: 3 - Region: 0
print_pgtbl: 0 - 512
00000000: 80000005
00000004: 80000004
Page Number: 0 -> Frame Number: 5
Page Number: 1 -> Frame Number: 4
======= HEAP SEGMENT INFO =======
Heap Start : 0
Heap End   : 512
Heap sbrk  : 512
Time slot   6
======= FREE REGION LIST =======
Free: 0 -> 300 (300 bytes)
Free: 400 -> 512 (112 bytes)
================================================================
================================================================
Write region=1 offset=20 value=100
print_pgtbl: 0 - 1024
00000000: 80000001
00000004: 80000000
00000008: 80000003
00000012: 80000002
Page Number: 0 -> Frame Number: 1
Page Number: 1 -> Frame Number: 0
Page Number: 2 -> Frame Number: 3
Page Number: 3 -> Frame Number: 2
=====  WRITE ===== 
 -- Successfully wrote value 100 to region 1 at offset 20 --
================== 
================================================================
	CPU 0: Dispatched process  4
	CPU 3: Put process  1 to run queue
	CPU 3: Dispatched process  1
================================================================
Read region=1 offset=20 value=100
print_pgtbl: 0 - 1024
00000000: 80000001
00000004: 80000000
00000008: 80000003
00000012: 80000002
Page Number: 0 -> Frame Number: 1
Page Number: 1 -> Frame Number: 0
Page Number: 2 -> Frame Number: 3
Page Number: 3 -> Frame Number: 2
===== PHYSICAL MEMORY DUMP ===== 
00000114: 100 
	CPU 2: Put process  2 to run queue
	CPU 2: Dispatched process  2
================================================================
Proc 3 in allocation process, size: 100 of region: 2
Rg start: 0 - Rg end:  100
===== PHYSICAL MEMORY AFTER ALLOCATION =====
Pid: 3 - Region: 2 Address: 00000000 Size: 100 BYTE
print_pgtbl: 0 - 512
00000000: 80000005
00000004: 80000004
Page Number: 0 -> Frame Number: 5
Page Number: 1 -> Frame Number: 4
======= HEAP SEGMENT INFO =======
Heap Start : 0
Heap End   : 512
Heap sbrk  : 512
======= FREE REGION LIST =======
Free: 100 -> 300 (200 bytes)
Free: 400 -> 512 (112 bytes)
================================================================
Time slot   7
===== PHYSICAL MEMORY END-DUMP ===== 
================================================================
	Loaded a process at input/proc/m0s, PID: 5 PRIO: 120
================================================================
Write region=2 offset=20 value=102
print_pgtbl: 0 - 1024
00000000: 80000001
00000004: 80000000
00000008: 80000003
00000012: 80000002
Page Number: 0 -> Frame Number: 1
Page Number: 1 -> Frame Number: 0
Page Number: 2 -> Frame Number: 3
Page Number: 3 -> Frame Number: 2
=====  WRITE ===== 
 -- Successfully wrote value 102 to region 2 at offset 20 --
================== 
================================================================
	CPU 1: Put process  3 to run queue
	CPU 1: Dispatched process  3
================================================================
Proc 3 in deallocation process -  region: 2
===== PHYSICAL MEMORY AFTER DEALLOCATION =====
Pid: 3 - Region: 2
print_pgtbl: 0 - 512
00000000: 80000005
00000004: 80000004
Page Number: 0 -> Frame Number: 5
Page Number: 1 -> Frame Number: 4
======= HEAP SEGMENT INFO =======
Heap Start : 0
Heap End   : 512
Heap sbrk  : 512
======= FREE REGION LIST =======
Time slot   8
	CPU 0: Put process  4 to run queue
	CPU 0: Dispatched process  5
Free: 0 -> 300 (300 bytes)
Free: 400 -> 512 (112 bytes)
================================================================
================================================================
Proc 5 in allocation process, size: 300 of region: 0
Rg start: 0 - Rg end:  300
===== PHYSICAL MEMORY AFTER ALLOCATION =====
Pid: 5 - Region: 0 Address: 00000000 Size: 300 BYTE
print_pgtbl: 0 - 512
00000000: 80000007
00000004: 80000006
Page Number: 0 -> Frame Number: 7
Page Number: 1 -> Frame Number: 6
======= HEAP SEGMENT INFO =======
Heap Start : 0
Heap End   : 512
Heap sbrk  : 512
======= FREE REGION LIST =======
Free: 300 -> 512 (212 bytes)
================================================================
	Loaded a process at input/proc/p1s, PID: 6 PRIO: 15
	CPU 3: Put process  1 to run queue
	CPU 3: Dispatched process  6
================================================================
Proc 3 in deallocation process -  region: 1
===== PHYSICAL MEMORY AFTER DEALLOCATION =====
Pid: 3 - Region: 1
	CPU 2: Put process  2 to run queue
print_pgtbl: 0 - 512
	CPU 2: Dispatched process  2
00000000: 80000005
00000004: 80000004
Time slot   9
================================================================
Proc 5 in allocation process, size: 100 of region: 1
Rg start: 300 - Rg end:  400
===== PHYSICAL MEMORY AFTER ALLOCATION =====
Pid: 5 - Region: 1 Address: 0000012c Size: 100 BYTE
print_pgtbl: 0 - 512
00000000: 80000007
00000004: 80000006
Page Number: 0 -> Frame Number: 5
Page Number: 0 -> Frame Number: 7
Page Number: 1 -> Frame Number: 4
Page Number: 1 -> Frame Number: 6
======= HEAP SEGMENT INFO =======
Heap Start : 0
======= HEAP SEGMENT INFO =======
Heap End   : 512
Heap sbrk  : 512
Heap Start : 0
======= FREE REGION LIST =======
Free: 0 -> 512 (512 bytes)
Heap End   : 512
================================================================
Heap sbrk  : 512
======= FREE REGION LIST =======
Free: 400 -> 512 (112 bytes)
================================================================
	CPU 1: Processed  3 has finished
	CPU 1: Dispatched process  4
Time slot  10
	CPU 0: Put process  5 to run queue
	CPU 0: Dispatched process  5
================================================================
Proc 5 in deallocation process -  region: 0
===== PHYSICAL MEMORY AFTER DEALLOCATION =====
Pid: 5 - Region: 0
print_pgtbl: 0 - 512
00000000: 80000007
00000004: 80000006
Page Number: 0 -> Frame Number: 7
Page Number: 1 -> Frame Number: 6
======= HEAP SEGMENT INFO =======
Heap Start : 0
Heap End   : 512
Heap sbrk  : 512
======= FREE REGION LIST =======
Free: 0 -> 300 (300 bytes)
Free: 400 -> 512 (112 bytes)
================================================================
	Loaded a process at input/proc/s0, PID: 7 PRIO: 38
	CPU 3: Put process  6 to run queue
	CPU 3: Dispatched process  6
	CPU 2: Put process  2 to run queue
	CPU 2: Dispatched process  7
Time slot  11
================================================================
Proc 5 in allocation process, size: 100 of region: 2
Rg start: 0 - Rg end:  100
===== PHYSICAL MEMORY AFTER ALLOCATION =====
Pid: 5 - Region: 2 Address: 00000000 Size: 100 BYTE
print_pgtbl: 0 - 512
00000000: 80000007
00000004: 80000006
Page Number: 0 -> Frame Number: 7
Page Number: 1 -> Frame Number: 6
======= HEAP SEGMENT INFO =======
Heap Start : 0
Heap End   : 512
Heap sbrk  : 512
======= FREE REGION LIST =======
Free: 100 -> 300 (200 bytes)
Free: 400 -> 512 (112 bytes)
================================================================
Time slot  12
	CPU 0: Put process  5 to run queue
	CPU 0: Dispatched process  2
	CPU 1: Put process  4 to run queue
	CPU 1: Dispatched process  5
================================================================
Write region=1 offset=20 value=102
print_pgtbl: 0 - 512
00000000: 80000007
00000004: 80000006
Page Number: 0 -> Frame Number: 7
Page Number: 1 -> Frame Number: 6
=====  WRITE ===== 
 -- Successfully wrote value 102 to region 1 at offset 20 --
================== 
================================================================
	CPU 2: Put process  7 to run queue
	CPU 2: Dispatched process  7
Time slot  13
================================================================
Write region=2 offset=1000 value=1
print_pgtbl: 0 - 512	CPU 3: Put process  6 to run queue
	CPU 3: Dispatched process  6

00000000: 80000007
00000004: 80000006
Page Number: 0 -> Frame Number: 7
Page Number: 1 -> Frame Number: 6
=====  WRITE ===== 
 -- Successfully wrote value 1 to region 2 at offset 1000 --
================== 
================================================================
	CPU 1: Processed  5 has finished
	CPU 1: Dispatched process  4
Time slot  14
	CPU 0: Put process  2 to run queue
	CPU 0: Dispatched process  2
	CPU 3: Put process  6 to run queue
	CPU 3: Dispatched process  6
	CPU 2: Put process  7 to run queue
	CPU 2: Dispatched process  7
Time slot  15
	CPU 0: Processed  2 has finished
	CPU 0: Dispatched process  1
================================================================
Read region=2 offset=20 value=102
print_pgtbl: 0 - 1024
00000000: 80000001
00000004: 80000000
00000008: 80000003
00000012: 80000002
Page Number: 0 -> Frame Number: 1
Page Number: 1 -> Frame Number: 0
Page Number: 2 -> Frame Number: 3
Page Number: 3 -> Frame Number: 2
===== PHYSICAL MEMORY DUMP ===== 
00000114: 102 
00000640: 102 
000007e8: 1 
===== PHYSICAL MEMORY END-DUMP ===== 
================================================================
	Loaded a process at input/proc/s1, PID: 8 PRIO: 0
	CPU 1: Put process  4 to run queue
	CPU 1: Dispatched process  8
Time slot  16
================================================================
Write region=3 offset=20 value=103
print_pgtbl: 0 - 1024
00000000: 80000001
00000004: 80000000
00000008: 80000003
00000012: 80000002
Page Number: 0 -> Frame Number: 1
Page Number: 1 -> Frame Number: 0
Page Number: 2 -> Frame Number: 3
Page Number: 3 -> Frame Number: 2
=====  WRITE ===== 
 -- Successfully wrote value 103 to region 3 at offset 20 --
================== 
================================================================
	CPU 3: Put process  6 to run queue
	CPU 3: Dispatched process  6
	CPU 2: Put process  7 to run queue
	CPU 2: Dispatched process  7
Time slot  17
	CPU 0: Put process  1 to run queue
	CPU 0: Dispatched process  4
	CPU 1: Put process  8 to run queue
	CPU 1: Dispatched process  8
Time slot  18
	CPU 3: Processed  6 has finished
	CPU 3: Dispatched process  1
================================================================
Read region=3 offset=20 value=103
print_pgtbl: 0 - 1024
00000000: 80000001
00000004: 80000000
00000008: 80000003
00000012: 80000002
Page Number: 0 -> Frame Number: 1
Page Number: 1 -> Frame Number: 0
Page Number: 2 -> Frame Number: 3
Page Number: 3 -> Frame Number: 2
===== PHYSICAL MEMORY DUMP ===== 
00000114: 103 
00000640: 102 
000007e8: 1 
Time slot  19
	CPU 2: Put process  7 to run queue
	CPU 2: Dispatched process  7
	CPU 0: Put process  4 to run queue
	CPU 0: Dispatched process  4
===== PHYSICAL MEMORY END-DUMP ===== 
================================================================
Time slot  20
	CPU 1: Put process  8 to run queue
	CPU 1: Dispatched process  8
	CPU 3: Put process  1 to run queue
	CPU 3: Dispatched process  1
================================================================
Proc 1 in deallocation process -  region: 4
===== PHYSICAL MEMORY AFTER DEALLOCATION =====
Pid: 1 - Region: 4
print_pgtbl: 0 - 1024
00000000: 80000001
00000004: 80000000
00000008: 80000003
00000012: 80000002
Page Number: 0 -> Frame Number: 1
Page Number: 1 -> Frame Number: 0
Page Number: 2 -> Frame Number: 3
Page Number: 3 -> Frame Number: 2
======= HEAP SEGMENT INFO =======
Heap Start : 0
Heap End   : 1024
Heap sbrk  : 1024
======= FREE REGION LIST =======
Free: 100 -> 1024 (924 bytes)
================================================================
	CPU 2: Put process  7 to run queue
	CPU 2: Dispatched process  7
Time slot  21
	CPU 0: Put process  4 to run queue
	CPU 0: Dispatched process  4
	CPU 1: Put process  8 to run queue
	CPU 1: Dispatched process  8
Time slot  22
	CPU 3: Processed  1 has finished
	CPU 3 stopped
	CPU 2: Put process  7 to run queue
	CPU 2: Dispatched process  7
	CPU 1: Processed  8 has finished
	CPU 1 stopped
Time slot  23
	CPU 0: Processed  4 has finished
	CPU 0 stopped
Time slot  24
Time slot  25
	CPU 2: Put process  7 to run queue
	CPU 2: Dispatched process  7
Time slot  26
	CPU 2: Processed  7 has finished
	CPU 2 stopped
