Time slot   0
ld_routine
Time slot   1
Time slot   2
Time slot   3
Time slot   4
Time slot   5
Time slot   6
Time slot   7
Time slot   8
	Loaded a process at input/proc/sc2, PID: 1 PRIO: 15
Time slot   9
	CPU 0: Dispatched process  1
================================================================
Proc 1 in allocation process, size: 100 of region: 1
Rg start: 0 - Rg end:  100
===== PHYSICAL MEMORY AFTER ALLOCATION =====
Pid: 1 - Region: 1 Address: 00000000 Size: 100 BYTE
print_pgtbl: 0 - 256
00000000: 80000000
Page Number: 0 -> Frame Number: 0
======= HEAP SEGMENT INFO =======
Heap Start : 0
Heap End   : 256
Heap sbrk  : 256
======= FREE REGION LIST =======
Free: 100 -> 256 (156 bytes)
================================================================
Time slot  10
================================================================
Write region=1 offset=0 value=80
print_pgtbl: 0 - 256
00000000: 80000000
Page Number: 0 -> Frame Number: 0
=====  WRITE ===== 
 -- Successfully wrote value 80 to region 1 at offset 0 --
================== 
================================================================
Time slot  11
	CPU 0: Put process  1 to run queue
	CPU 0: Dispatched process  1
================================================================
Write region=1 offset=1 value=49
print_pgtbl: 0 - 256
00000000: 80000000
Page Number: 0 -> Frame Number: 0
=====  WRITE ===== 
 -- Successfully wrote value 49 to region 1 at offset 1 --
================== 
================================================================
Time slot  12
================================================================
Write region=1 offset=2 value=-1
print_pgtbl: 0 - 256
00000000: 80000000
Page Number: 0 -> Frame Number: 0
=====  WRITE ===== 
 -- Successfully wrote value -1 to region 1 at offset 2 --
================== 
================================================================
Time slot  13
	CPU 0: Put process  1 to run queue
	CPU 0: Dispatched process  1
================================================================
Read region=1 offset=0 value=80
print_pgtbl: 0 - 256
00000000: 80000000
Page Number: 0 -> Frame Number: 0
===== PHYSICAL MEMORY DUMP ===== 
00000000: 80 
00000001: 49 
00000002: -1 
===== PHYSICAL MEMORY END-DUMP ===== 
================================================================
The procname retrieved from memregionid 1 is ""
Time slot  14
	CPU 0: Processed  1 has finished
	CPU 0 stopped
